This is pdfTeX, Version 3.1415926-2.3-1.40.12 (MiKTeX 2.9) (preloaded format=pdflatex 2011.12.19)  2 MAR 2012 23:41
entering extended mode
**C:/Users/dasonk/Random-Other/paper/TISEpaper.tex
(C:/Users/dasonk/Random-Other/paper/TISEpaper.tex
LaTeX2e <2011/06/27>
Babel <v3.8m> and hyphenation patterns for english, afrikaans, ancientgreek, ar
abic, armenian, assamese, basque, bengali, bokmal, bulgarian, catalan, coptic, 
croatian, czech, danish, dutch, esperanto, estonian, farsi, finnish, french, ga
lician, german, german-x-2009-06-19, greek, gujarati, hindi, hungarian, iceland
ic, indonesian, interlingua, irish, italian, kannada, kurmanji, lao, latin, lat
vian, lithuanian, malayalam, marathi, mongolian, mongolianlmc, monogreek, ngerm
an, ngerman-x-2009-06-19, nynorsk, oriya, panjabi, pinyin, polish, portuguese, 
romanian, russian, sanskrit, serbian, slovak, slovenian, spanish, swedish, swis
sgerman, tamil, telugu, turkish, turkmen, ukenglish, ukrainian, uppersorbian, u
senglishmax, welsh, loaded.
(C:\Users\dasonk\Random-Other\paper\tise_style.cls

LaTeX Warning: You have requested document class `tise_style',
               but the document class provides `asa'.

Document Class: asa 2007/01/28 1.0 asa class based on jss
("C:\Program Files\MiKTeX 2.9\tex\latex\base\article.cls"
Document Class: article 2007/10/19 v1.4h Standard LaTeX document class
("C:\Program Files\MiKTeX 2.9\tex\latex\base\size11.clo"
File: size11.clo 2007/10/19 v1.4h Standard LaTeX file (size option)
)
\c@part=\count79
\c@section=\count80
\c@subsection=\count81
\c@subsubsection=\count82
\c@paragraph=\count83
\c@subparagraph=\count84
\c@figure=\count85
\c@table=\count86
\abovecaptionskip=\skip41
\belowcaptionskip=\skip42
\bibindent=\dimen102
)
("C:\Program Files\MiKTeX 2.9\tex\latex\graphics\graphicx.sty"
Package: graphicx 1999/02/16 v1.0f Enhanced LaTeX Graphics (DPC,SPQR)

("C:\Program Files\MiKTeX 2.9\tex\latex\graphics\keyval.sty"
Package: keyval 1999/03/16 v1.13 key=value parser (DPC)
\KV@toks@=\toks14
)
("C:\Program Files\MiKTeX 2.9\tex\latex\graphics\graphics.sty"
Package: graphics 2009/02/05 v1.0o Standard LaTeX Graphics (DPC,SPQR)

("C:\Program Files\MiKTeX 2.9\tex\latex\graphics\trig.sty"
Package: trig 1999/03/16 v1.09 sin cos tan (DPC)
)
("C:\Program Files\MiKTeX 2.9\tex\latex\00miktex\graphics.cfg"
File: graphics.cfg 2007/01/18 v1.5 graphics configuration of teTeX/TeXLive
)
Package graphics Info: Driver file: pdftex.def on input line 91.

("C:\Program Files\MiKTeX 2.9\tex\latex\pdftex-def\pdftex.def"
File: pdftex.def 2011/05/27 v0.06d Graphics/color for pdfTeX

("C:\Program Files\MiKTeX 2.9\tex\generic\oberdiek\infwarerr.sty"
Package: infwarerr 2010/04/08 v1.3 Providing info/warning/message (HO)
)
("C:\Program Files\MiKTeX 2.9\tex\generic\oberdiek\ltxcmds.sty"
Package: ltxcmds 2011/04/18 v1.20 LaTeX kernel commands for general use (HO)
)
\Gread@gobject=\count87
))
\Gin@req@height=\dimen103
\Gin@req@width=\dimen104
)
(C:\Users\dasonk\AppData\Roaming\MiKTeX\2.9\tex\latex\a4wide\a4wide.sty
Package: a4wide 1994/08/30

(C:\Users\dasonk\AppData\Roaming\MiKTeX\2.9\tex\latex\ntgclass\a4.sty
Package: a4 2004/04/15 v1.2g A4 based page layout
))
("C:\Program Files\MiKTeX 2.9\tex\latex\graphics\color.sty"
Package: color 2005/11/14 v1.0j Standard LaTeX Color (DPC)

("C:\Program Files\MiKTeX 2.9\tex\latex\00miktex\color.cfg"
File: color.cfg 2007/01/18 v1.5 color configuration of teTeX/TeXLive
)
Package color Info: Driver file: pdftex.def on input line 130.
)
("C:\Program Files\MiKTeX 2.9\tex\latex\hyperref\hyperref.sty"
Package: hyperref 2011/08/19 v6.82h Hypertext links for LaTeX

("C:\Program Files\MiKTeX 2.9\tex\generic\oberdiek\hobsub-hyperref.sty"
Package: hobsub-hyperref 2011/04/23 v1.4 Bundle oberdiek, subset hyperref (HO)

("C:\Program Files\MiKTeX 2.9\tex\generic\oberdiek\hobsub-generic.sty"
Package: hobsub-generic 2011/04/23 v1.4 Bundle oberdiek, subset generic (HO)
Package: hobsub 2011/04/23 v1.4 Subsetting bundle oberdiek (HO)
Package hobsub Info: Skipping package `infwarerr' (already loaded).
Package hobsub Info: Skipping package `ltxcmds' (already loaded).
Package: ifluatex 2010/03/01 v1.3 Provides the ifluatex switch (HO)
Package ifluatex Info: LuaTeX not detected.
Package: ifvtex 2010/03/01 v1.5 Switches for detecting VTeX and its modes (HO)
Package ifvtex Info: VTeX not detected.
Package: intcalc 2007/09/27 v1.1 Expandable integer calculations (HO)
Package: ifpdf 2011/01/30 v2.3 Provides the ifpdf switch (HO)
Package ifpdf Info: pdfTeX in PDF mode is detected.
Package: etexcmds 2011/02/16 v1.5 Prefix for e-TeX command names (HO)
Package etexcmds Info: Could not find \expanded.
(etexcmds)             That can mean that you are not using pdfTeX 1.50 or
(etexcmds)             that some package has redefined \expanded.
(etexcmds)             In the latter case, load this package earlier.
Package: kvsetkeys 2011/04/07 v1.13 Key value parser (HO)
Package: kvdefinekeys 2011/04/07 v1.3 Defining keys (HO)
Package: pdftexcmds 2011/04/22 v0.16 Utilities of pdfTeX for LuaTeX (HO)
Package pdftexcmds Info: LuaTeX not detected.
Package pdftexcmds Info: \pdf@primitive is available.
Package pdftexcmds Info: \pdf@ifprimitive is available.
Package pdftexcmds Info: \pdfdraftmode found.
Package: pdfescape 2011/04/04 v1.12 Provides string conversions (HO)
Package: bigintcalc 2011/01/30 v1.2 Expandable big integer calculations (HO)
Package: bitset 2011/01/30 v1.1 Data type bit set (HO)
Package: uniquecounter 2011/01/30 v1.2 Provides unlimited unique counter (HO)
)
Package hobsub Info: Skipping package `hobsub' (already loaded).
Package: letltxmacro 2010/09/02 v1.4 Let assignment for LaTeX macros (HO)
Package: hopatch 2011/01/30 v1.0 Wrapper for package hooks (HO)
Package: xcolor-patch 2011/01/30 xcolor patch
Package: atveryend 2011/04/23 v1.7 Hooks at very end of document (HO)
Package: atbegshi 2011/01/30 v1.15 At begin shipout hook (HO)
Package: refcount 2010/12/01 v3.2 Data extraction from references (HO)
Package: hycolor 2011/01/30 v1.7 Color options of hyperref/bookmark (HO)
)
("C:\Program Files\MiKTeX 2.9\tex\generic\ifxetex\ifxetex.sty"
Package: ifxetex 2010/09/12 v0.6 Provides ifxetex conditional
)
("C:\Program Files\MiKTeX 2.9\tex\latex\oberdiek\kvoptions.sty"
Package: kvoptions 2010/12/23 v3.10 Keyval support for LaTeX options (HO)
)
\@linkdim=\dimen105
\Hy@linkcounter=\count88
\Hy@pagecounter=\count89

("C:\Program Files\MiKTeX 2.9\tex\latex\hyperref\pd1enc.def"
File: pd1enc.def 2011/08/19 v6.82h Hyperref: PDFDocEncoding definition (HO)
)
\Hy@SavedSpaceFactor=\count90

("C:\Program Files\MiKTeX 2.9\tex\latex\00miktex\hyperref.cfg"
File: hyperref.cfg 2002/06/06 v1.2 hyperref configuration of TeXLive
)
Package hyperref Info: Hyper figures OFF on input line 4053.
Package hyperref Info: Link nesting OFF on input line 4058.
Package hyperref Info: Hyper index ON on input line 4061.
Package hyperref Info: Plain pages OFF on input line 4068.
Package hyperref Info: Backreferencing OFF on input line 4073.
Package hyperref Info: Implicit mode ON; LaTeX internals redefined.
Package hyperref Info: Bookmarks ON on input line 4291.
\c@Hy@tempcnt=\count91

("C:\Program Files\MiKTeX 2.9\tex\latex\ltxmisc\url.sty"
\Urlmuskip=\muskip10
Package: url 2006/04/12  ver 3.3  Verb mode for urls, etc.
)
LaTeX Info: Redefining \url on input line 4644.
\Fld@menulength=\count92
\Field@Width=\dimen106
\Fld@charsize=\dimen107
Package hyperref Info: Hyper figures OFF on input line 5730.
Package hyperref Info: Link nesting OFF on input line 5735.
Package hyperref Info: Hyper index ON on input line 5738.
Package hyperref Info: backreferencing OFF on input line 5745.
Package hyperref Info: Link coloring OFF on input line 5750.
Package hyperref Info: Link coloring with OCG OFF on input line 5755.
Package hyperref Info: PDF/A mode OFF on input line 5760.
LaTeX Info: Redefining \ref on input line 5800.
LaTeX Info: Redefining \pageref on input line 5804.
\Hy@abspage=\count93
\c@Item=\count94
\c@Hfootnote=\count95
)

Package hyperref Message: Driver (autodetected): hpdftex.

("C:\Program Files\MiKTeX 2.9\tex\latex\hyperref\hpdftex.def"
File: hpdftex.def 2011/08/19 v6.82h Hyperref driver for pdfTeX
\Fld@listcount=\count96
\c@bookmark@seq@number=\count97

("C:\Program Files\MiKTeX 2.9\tex\latex\oberdiek\rerunfilecheck.sty"
Package: rerunfilecheck 2011/04/15 v1.7 Rerun checks for auxiliary files (HO)
Package uniquecounter Info: New unique counter `rerunfilecheck' on input line 2
82.
)
\Hy@SectionHShift=\skip43
)
("C:\Program Files\MiKTeX 2.9\tex\latex\ae\ae.sty"
Package: ae 2001/02/12 1.3 Almost European Computer Modern

("C:\Program Files\MiKTeX 2.9\tex\latex\base\fontenc.sty"
Package: fontenc 2005/09/27 v1.99g Standard LaTeX package

("C:\Program Files\MiKTeX 2.9\tex\latex\base\t1enc.def"
File: t1enc.def 2005/09/27 v1.99g Standard LaTeX file
LaTeX Font Info:    Redeclaring font encoding T1 on input line 43.
)
LaTeX Font Info:    Try loading font information for T1+aer on input line 100.

("C:\Program Files\MiKTeX 2.9\tex\latex\ae\t1aer.fd"
File: t1aer.fd 1997/11/16 Font definitions for T1/aer.
)))
(C:\Users\dasonk\AppData\Roaming\MiKTeX\2.9\tex\latex\fancyvrb\fancyvrb.sty
Package: fancyvrb 2008/02/07

Style option: `fancyvrb' v2.7a, with DG/SPQR fixes, and firstline=lastline fix 
<2008/02/07> (tvz)
\FV@CodeLineNo=\count98
\FV@InFile=\read1
\FV@TabBox=\box26
\c@FancyVerbLine=\count99
\FV@StepNumber=\count100
\FV@OutFile=\write3
) ("C:\Program Files\MiKTeX 2.9\tex\latex\base\fontenc.sty"
Package: fontenc 2005/09/27 v1.99g Standard LaTeX package

("C:\Program Files\MiKTeX 2.9\tex\latex\base\t1enc.def"
File: t1enc.def 2005/09/27 v1.99g Standard LaTeX file
LaTeX Font Info:    Redeclaring font encoding T1 on input line 43.
))
(C:\Users\dasonk\AppData\Roaming\MiKTeX\2.9\tex\latex\natbib\natbib.sty
Package: natbib 2010/09/13 8.31b (PWD, AO)
\bibhang=\skip44
\bibsep=\skip45
LaTeX Info: Redefining \cite on input line 694.
\c@NAT@ctr=\count101
)
\preXLskip=\skip46
\preLskip=\skip47
\preMskip=\skip48
\preSskip=\skip49
\postMskip=\skip50
\postSskip=\skip51
\footerskip=\skip52


Package hyperref Warning: Option `hyperindex' has already been used,
(hyperref)                setting the option has no effect on input line 251.

Package hyperref Info: Option `colorlinks' set `true' on input line 251.
Package hyperref Info: Option `linktocpage' set `true' on input line 251.
Package hyperref Info: Option `plainpages' set `false' on input line 251.
) ("C:\Program Files\MiKTeX 2.9\tex\latex\amsfonts\amssymb.sty"
Package: amssymb 2009/06/22 v3.00

("C:\Program Files\MiKTeX 2.9\tex\latex\amsfonts\amsfonts.sty"
Package: amsfonts 2009/06/22 v3.00 Basic AMSFonts support
\@emptytoks=\toks15
\symAMSa=\mathgroup4
\symAMSb=\mathgroup5
LaTeX Font Info:    Overwriting math alphabet `\mathfrak' in version `bold'
(Font)                  U/euf/m/n --> U/euf/b/n on input line 96.
))
("C:\Program Files\MiKTeX 2.9\tex\latex\ams\math\amsmath.sty"
Package: amsmath 2000/07/18 v2.13 AMS math features
\@mathmargin=\skip53

For additional information on amsmath, use the `?' option.
("C:\Program Files\MiKTeX 2.9\tex\latex\ams\math\amstext.sty"
Package: amstext 2000/06/29 v2.01

("C:\Program Files\MiKTeX 2.9\tex\latex\ams\math\amsgen.sty"
File: amsgen.sty 1999/11/30 v2.0
\@emptytoks=\toks16
\ex@=\dimen108
))
("C:\Program Files\MiKTeX 2.9\tex\latex\ams\math\amsbsy.sty"
Package: amsbsy 1999/11/29 v1.2d
\pmbraise@=\dimen109
)
("C:\Program Files\MiKTeX 2.9\tex\latex\ams\math\amsopn.sty"
Package: amsopn 1999/12/14 v2.01 operator names
)
\inf@bad=\count102
LaTeX Info: Redefining \frac on input line 211.
\uproot@=\count103
\leftroot@=\count104
LaTeX Info: Redefining \overline on input line 307.
\classnum@=\count105
\DOTSCASE@=\count106
LaTeX Info: Redefining \ldots on input line 379.
LaTeX Info: Redefining \dots on input line 382.
LaTeX Info: Redefining \cdots on input line 467.
\Mathstrutbox@=\box27
\strutbox@=\box28
\big@size=\dimen110
LaTeX Font Info:    Redeclaring font encoding OML on input line 567.
LaTeX Font Info:    Redeclaring font encoding OMS on input line 568.
\macc@depth=\count107
\c@MaxMatrixCols=\count108
\dotsspace@=\muskip11
\c@parentequation=\count109
\dspbrk@lvl=\count110
\tag@help=\toks17
\row@=\count111
\column@=\count112
\maxfields@=\count113
\andhelp@=\toks18
\eqnshift@=\dimen111
\alignsep@=\dimen112
\tagshift@=\dimen113
\tagwidth@=\dimen114
\totwidth@=\dimen115
\lineht@=\dimen116
\@envbody=\toks19
\multlinegap=\skip54
\multlinetaggap=\skip55
\mathdisplay@stack=\toks20
LaTeX Info: Redefining \[ on input line 2666.
LaTeX Info: Redefining \] on input line 2667.
)
("C:\Program Files\MiKTeX 2.9\tex\latex\tools\bm.sty"
Package: bm 2004/02/26 v1.1c Bold Symbol Support (DPC/FMi)
\symboldoperators=\mathgroup6
\symboldletters=\mathgroup7
\symboldsymbols=\mathgroup8
LaTeX Font Info:    Redeclaring math alphabet \mathbf on input line 138.
LaTeX Info: Redefining \bm on input line 204.
)
(C:\Users\dasonk\AppData\Roaming\MiKTeX\2.9\tex\latex\rotating\rotating.sty
Package: rotating 2009/03/28 v2.16a rotated objects in LaTeX

("C:\Program Files\MiKTeX 2.9\tex\latex\base\ifthen.sty"
Package: ifthen 2001/05/26 v1.1c Standard LaTeX ifthen package (DPC)
)
\c@r@tfl@t=\count114
\rotFPtop=\skip56
\rotFPbot=\skip57
\rot@float@box=\box29
\rot@mess@toks=\toks21
)
("C:\Program Files\MiKTeX 2.9\tex\latex\graphics\epsfig.sty"
Package: epsfig 1999/02/16 v1.7a (e)psfig emulation (SPQR)
\epsfxsize=\dimen117
\epsfysize=\dimen118
)
("C:\Program Files\MiKTeX 2.9\tex\latex\multirow\multirow.sty"
\bigstrutjot=\dimen119
)
(C:\Users\dasonk\AppData\Roaming\MiKTeX\2.9\tex\latex\booktabs\booktabs.sty
Package: booktabs 2005/04/14 v1.61803 publication quality tables
\heavyrulewidth=\dimen120
\lightrulewidth=\dimen121
\cmidrulewidth=\dimen122
\belowrulesep=\dimen123
\belowbottomsep=\dimen124
\aboverulesep=\dimen125
\abovetopsep=\dimen126
\cmidrulesep=\dimen127
\cmidrulekern=\dimen128
\defaultaddspace=\dimen129
\@cmidla=\count115
\@cmidlb=\count116
\@aboverulesep=\dimen130
\@belowrulesep=\dimen131
\@thisruleclass=\count117
\@lastruleclass=\count118
\@thisrulewidth=\dimen132
)
(C:\Users\dasonk\AppData\Roaming\MiKTeX\2.9\tex\latex\pdfpages\pdfpages.sty
Package: pdfpages 2011/03/10 v0.4n Insert pages of external PDF documents (AM)

("C:\Program Files\MiKTeX 2.9\tex\latex\tools\calc.sty"
Package: calc 2007/08/22 v4.3 Infix arithmetic (KKT,FJ)
\calc@Acount=\count119
\calc@Bcount=\count120
\calc@Adimen=\dimen133
\calc@Bdimen=\dimen134
\calc@Askip=\skip58
\calc@Bskip=\skip59
LaTeX Info: Redefining \setlength on input line 76.
LaTeX Info: Redefining \addtolength on input line 77.
\calc@Ccount=\count121
\calc@Cskip=\skip60
)
(C:\Users\dasonk\AppData\Roaming\MiKTeX\2.9\tex\latex\eso-pic\eso-pic.sty
Package: eso-pic 2010/10/06 v2.0c eso-pic (RN)
)
(C:\Users\dasonk\AppData\Roaming\MiKTeX\2.9\tex\latex\pdfpages\pppdftex.def
File: pppdftex.def 2011/03/10 v0.4n Pdfpages driver for pdfTeX (AM)
)
\AM@pagebox=\box30
\AM@toc@title=\toks22
\c@AM@survey=\count122
\AM@templatesizebox=\box31
)
(C:\Users\dasonk\Random-Other\paper\TISEpaper.aux

LaTeX Warning: Label `implement' multiply defined.

)
LaTeX Font Info:    Checking defaults for OML/cmm/m/it on input line 32.
LaTeX Font Info:    ... okay on input line 32.
LaTeX Font Info:    Checking defaults for T1/cmr/m/n on input line 32.
LaTeX Font Info:    ... okay on input line 32.
LaTeX Font Info:    Checking defaults for OT1/cmr/m/n on input line 32.
LaTeX Font Info:    ... okay on input line 32.
LaTeX Font Info:    Checking defaults for OMS/cmsy/m/n on input line 32.
LaTeX Font Info:    ... okay on input line 32.
LaTeX Font Info:    Checking defaults for OMX/cmex/m/n on input line 32.
LaTeX Font Info:    ... okay on input line 32.
LaTeX Font Info:    Checking defaults for U/cmr/m/n on input line 32.
LaTeX Font Info:    ... okay on input line 32.
LaTeX Font Info:    Checking defaults for PD1/pdf/m/n on input line 32.
LaTeX Font Info:    ... okay on input line 32.
 (C:\Users\dasonk\AppData\Roaming\MiKTeX\2.9\tex\context\base\supp-pdf.mkii
[Loading MPS to PDF converter (version 2006.09.02).]
\scratchcounter=\count123
\scratchdimen=\dimen135
\scratchbox=\box32
\nofMPsegments=\count124
\nofMParguments=\count125
\everyMPshowfont=\toks23
\MPscratchCnt=\count126
\MPscratchDim=\dimen136
\MPnumerator=\count127
\makeMPintoPDFobject=\count128
\everyMPtoPDFconversion=\toks24
)
\AtBeginShipoutBox=\box33
Package hyperref Info: Link coloring ON on input line 32.
 ("C:\Program Files\MiKTeX 2.9\tex\latex\hyperref\nameref.sty"
Package: nameref 2010/04/30 v2.40 Cross-referencing by name of section

("C:\Program Files\MiKTeX 2.9\tex\generic\oberdiek\gettitlestring.sty"
Package: gettitlestring 2010/12/03 v1.4 Cleanup title references (HO)
)
\c@section@level=\count129
)
LaTeX Info: Redefining \ref on input line 32.
LaTeX Info: Redefining \pageref on input line 32.
LaTeX Info: Redefining \nameref on input line 32.

(C:\Users\dasonk\Random-Other\paper\TISEpaper.out)
(C:\Users\dasonk\Random-Other\paper\TISEpaper.out)
\@outlinefile=\write4


Package hyperref Warning: Token not allowed in a PDF string (PDFDocEncoding):
(hyperref)                removing `\\' on input line 32.

LaTeX Font Info:    Try loading font information for U+msa on input line 32.
("C:\Program Files\MiKTeX 2.9\tex\latex\amsfonts\umsa.fd"
File: umsa.fd 2009/06/22 v3.00 AMS symbols A
)
LaTeX Font Info:    Try loading font information for U+msb on input line 32.

("C:\Program Files\MiKTeX 2.9\tex\latex\amsfonts\umsb.fd"
File: umsb.fd 2009/06/22 v3.00 AMS symbols B
) [1

{C:/Users/dasonk/AppData/Local/MiKTeX/2.9/pdftex/config/pdftex.map}]
LaTeX Font Info:    Try loading font information for OMS+aer on input line 54.

("C:\Program Files\MiKTeX 2.9\tex\latex\ae\omsaer.fd"
File: omsaer.fd 1999/12/27
)
LaTeX Font Info:    Font shape `OMS/aer/m/n' in size <10.95> not available
(Font)              Font shape `OMS/cmsy/m/n' tried instead on input line 54.

Underfull \vbox (badness 1748) has occurred while \output is active []

 [2]
LaTeX Font Info:    Try loading font information for T1+aett on input line 65.

("C:\Program Files\MiKTeX 2.9\tex\latex\ae\t1aett.fd"
File: t1aett.fd 1997/11/16 Font definitions for T1/aett.
) [3]
Underfull \hbox (badness 10000) in paragraph at lines 78--79

 []

<images/dbconnect-dialog.png, id=138, 402.50375pt x 195.73125pt>
File: images/dbconnect-dialog.png Graphic file (type png)

<use images/dbconnect-dialog.png>
Package pdftex.def Info: images/dbconnect-dialog.png used on input line 86.
(pdftex.def)             Requested size: 216.81pt x 105.43047pt.
 [4 <C:/Users/dasonk/Random-Other/paper/images/dbconnect-dialog.png>]
<images/db-lineviewer.png, id=151, 710.655pt x 303.1325pt>
File: images/db-lineviewer.png Graphic file (type png)

<use images/db-lineviewer.png>
Package pdftex.def Info: images/db-lineviewer.png used on input line 115.
(pdftex.def)             Requested size: 289.07999pt x 123.30916pt.

Underfull \hbox (badness 10000) in paragraph at lines 122--123

 []

<images/db-sample.png, id=154, 760.8425pt x 302.12875pt>
File: images/db-sample.png Graphic file (type png)

<use images/db-sample.png>
Package pdftex.def Info: images/db-sample.png used on input line 126.
(pdftex.def)             Requested size: 289.07999pt x 114.79628pt.
 [5 <C:/Users/dasonk/Random-Other/paper/images/db-lineviewer.png> <C:/Users/das
onk/Random-Other/paper/images/db-sample.png>]
<images/db-query.png, id=166, 771.88374pt x 472.76625pt>
File: images/db-query.png Graphic file (type png)

<use images/db-query.png>
Package pdftex.def Info: images/db-query.png used on input line 147.
(pdftex.def)             Requested size: 289.07999pt x 177.05606pt.

Underfull \vbox (badness 1708) has occurred while \output is active []

 [6 <C:/Users/dasonk/Random-Other/paper/images/db-query.png>] [7]
<images/fb-question-9.pdf, id=192, 505.89pt x 505.89pt>
File: images/fb-question-9.pdf Graphic file (type pdf)

<use images/fb-question-9.pdf>
Package pdftex.def Info: images/fb-question-9.pdf used on input line 225.
(pdftex.def)             Requested size: 144.54294pt x 144.54294pt.

<images/fb-question-10.pdf, id=193, 505.89pt x 505.89pt>
File: images/fb-question-10.pdf Graphic file (type pdf)

<use images/fb-question-10.pdf>
Package pdftex.def Info: images/fb-question-10.pdf used on input line 226.
(pdftex.def)             Requested size: 144.54294pt x 144.54294pt.

<images/fb-question-11.pdf, id=194, 505.89pt x 505.89pt>
File: images/fb-question-11.pdf Graphic file (type pdf)

<use images/fb-question-11.pdf>
Package pdftex.def Info: images/fb-question-11.pdf used on input line 227.
(pdftex.def)             Requested size: 144.54294pt x 144.54294pt.

<images/fb-legend2.pdf, id=195, 92.81375pt x 41.45438pt>
File: images/fb-legend2.pdf Graphic file (type pdf)

<use images/fb-legend2.pdf>
Package pdftex.def Info: images/fb-legend2.pdf used on input line 229.
(pdftex.def)             Requested size: 40.45296pt x 18.06792pt.
 [8]
<images/fb-importance.pdf, id=205, 505.89pt x 505.89pt>
File: images/fb-importance.pdf Graphic file (type pdf)

<use images/fb-importance.pdf>
Package pdftex.def Info: images/fb-importance.pdf used on input line 239.
(pdftex.def)             Requested size: 144.54294pt x 144.54294pt.

<images/fb-useful.pdf, id=206, 505.89pt x 505.89pt>
File: images/fb-useful.pdf Graphic file (type pdf)
 <use images/fb-useful.pdf>
Package pdftex.def Info: images/fb-useful.pdf used on input line 240.
(pdftex.def)             Requested size: 144.54294pt x 144.54294pt.

<images/fb-legend.pdf, id=207, 97.8028pt x 281.67213pt>
File: images/fb-legend.pdf Graphic file (type pdf)

<use images/fb-legend.pdf>
Package pdftex.def Info: images/fb-legend.pdf used on input line 241.
(pdftex.def)             Requested size: 50.18916pt x 144.54485pt.
 <images/fb-before.pdf, id=212, 505.89pt x 505.89pt>
File: images/fb-before.pdf Graphic file (type pdf)

<use images/fb-before.pdf>
Package pdftex.def Info: images/fb-before.pdf used on input line 253.
(pdftex.def)             Requested size: 144.54294pt x 144.54294pt.
 <images/fb-after.pdf, id=213, 505.89pt x 505.89pt>
File: images/fb-after.pdf Graphic file (type pdf)

<use images/fb-after.pdf>
Package pdftex.def Info: images/fb-after.pdf used on input line 254.
(pdftex.def)             Requested size: 144.54294pt x 144.54294pt.
File: images/fb-legend.pdf Graphic file (type pdf)
 <use images/fb-legend.pdf>
Package pdftex.def Info: images/fb-legend.pdf used on input line 255.
(pdftex.def)             Requested size: 50.18916pt x 144.54485pt.

<images/fb-before-after.pdf, id=214, 505.89pt x 505.89pt>
File: images/fb-before-after.pdf Graphic file (type pdf)

<use images/fb-before-after.pdf>
Package pdftex.def Info: images/fb-before-after.pdf used on input line 265.
(pdftex.def)             Requested size: 216.81056pt x 216.81056pt.

Underfull \vbox (badness 10000) has occurred while \output is active []

 [9 <C:/Users/dasonk/Random-Other/paper/images/fb-question-9.pdf> <C:/Users/das
onk/Random-Other/paper/images/fb-question-10.pdf> <C:/Users/dasonk/Random-Other
/paper/images/fb-question-11.pdf> <C:/Users/dasonk/Random-Other/paper/images/fb
-legend2.pdf> <C:/Users/dasonk/Random-Other/paper/images/fb-importance.pdf> <C:
/Users/dasonk/Random-Other/paper/images/fb-useful.pdf> <C:/Users/dasonk/Random-
Other/paper/images/fb-legend.pdf>] [10 <C:/Users/dasonk/Random-Other/paper/imag
es/fb-before.pdf> <C:/Users/dasonk/Random-Other/paper/images/fb-after.pdf> <C:/
Users/dasonk/Random-Other/paper/images/fb-before-after.pdf>] [11] [12]
(C:\Users\dasonk\Random-Other\paper\TISEpaper.bbl
Underfull \hbox (badness 6204) in paragraph at lines 43--46
[]\T1/aer/m/n/10.95 Labs S (2010).  \T1/aer/m/it/10.95 De-sign for Amer-ica\T1/
aer/m/n/10.95 .  URL [][]$\T1/aett/m/n/10.95 http : / / sunlightlabs . com / co
ntests /$
 []

) [13] [14]
Underfull \vbox (badness 10000) has occurred while \output is active []

 [15]
Underfull \vbox (badness 10000) has occurred while \output is active []

 [16]
Underfull \vbox (badness 10000) has occurred while \output is active []

 [17]
Underfull \vbox (badness 1824) has occurred while \output is active []

 [18]
[19] <./Reviews1/review2.pdf, id=1046, page=1, 614.295pt x 794.97pt>
File: ./Reviews1/review2.pdf Graphic file (type pdf)

<use ./Reviews1/review2.pdf, page 1>
Package pdftex.def Info: ./Reviews1/review2.pdf, page1 used on input line 565.
(pdftex.def)             Requested size: 375.80542pt x 486.3381pt.
File: ./Reviews1/review2.pdf Graphic file (type pdf)
 <use ./Reviews1/review2.pdf, page 1>
Package pdftex.def Info: ./Reviews1/review2.pdf, page1 used on input line 565.
(pdftex.def)             Requested size: 614.71529pt x 795.51392pt.
File: ./Reviews1/review2.pdf Graphic file (type pdf)

<use ./Reviews1/review2.pdf, page 1>
Package pdftex.def Info: ./Reviews1/review2.pdf, page1 used on input line 565.
(pdftex.def)             Requested size: 614.71529pt x 795.51392pt.
File: ./Reviews1/review2.pdf Graphic file (type pdf)
 <use ./Reviews1/review2.pdf, page 1>
Package pdftex.def Info: ./Reviews1/review2.pdf, page1 used on input line 565.
(pdftex.def)             Requested size: 614.71529pt x 795.51392pt.
File: ./Reviews1/review2.pdf Graphic file (type pdf)

<use ./Reviews1/review2.pdf, page 1>
Package pdftex.def Info: ./Reviews1/review2.pdf, page1 used on input line 565.
(pdftex.def)             Requested size: 614.71529pt x 795.51392pt.
 [20 <C:/Users/dasonk/Random-Other/paper/Reviews1/review2.pdf>]
<./Reviews1/review2.pdf, id=1059, page=2, 614.295pt x 794.97pt>
File: ./Reviews1/review2.pdf Graphic file (type pdf)

<use ./Reviews1/review2.pdf, page 2>
Package pdftex.def Info: ./Reviews1/review2.pdf, page2 used on input line 565.
(pdftex.def)             Requested size: 614.71529pt x 795.51392pt.
File: ./Reviews1/review2.pdf Graphic file (type pdf)
 <use ./Reviews1/review2.pdf, page 2>
Package pdftex.def Info: ./Reviews1/review2.pdf, page2 used on input line 565.
(pdftex.def)             Requested size: 614.71529pt x 795.51392pt.
File: ./Reviews1/review2.pdf Graphic file (type pdf)

<use ./Reviews1/review2.pdf, page 2>
Package pdftex.def Info: ./Reviews1/review2.pdf, page2 used on input line 565.
(pdftex.def)             Requested size: 614.71529pt x 795.51392pt.
 [21 <C:/Users/dasonk/Random-Other/paper/Reviews1/review2.pdf>]
<./Reviews1/review2.pdf, id=1064, page=3, 614.295pt x 794.97pt>
File: ./Reviews1/review2.pdf Graphic file (type pdf)

<use ./Reviews1/review2.pdf, page 3>
Package pdftex.def Info: ./Reviews1/review2.pdf, page3 used on input line 565.
(pdftex.def)             Requested size: 614.71529pt x 795.51392pt.
File: ./Reviews1/review2.pdf Graphic file (type pdf)
 <use ./Reviews1/review2.pdf, page 3>
Package pdftex.def Info: ./Reviews1/review2.pdf, page3 used on input line 565.
(pdftex.def)             Requested size: 614.71529pt x 795.51392pt.
File: ./Reviews1/review2.pdf Graphic file (type pdf)

<use ./Reviews1/review2.pdf, page 3>
Package pdftex.def Info: ./Reviews1/review2.pdf, page3 used on input line 565.
(pdftex.def)             Requested size: 614.71529pt x 795.51392pt.
 [22 <C:/Users/dasonk/Random-Other/paper/Reviews1/review2.pdf>]
Package atveryend Info: Empty hook `BeforeClearDocument' on input line 579.
 [23]
Package atveryend Info: Empty hook `AfterLastShipout' on input line 579.
 (C:\Users\dasonk\Random-Other\paper\TISEpaper.aux)
Package atveryend Info: Executing hook `AtVeryEndDocument' on input line 579.
Package atveryend Info: Executing hook `AtEndAfterFileList' on input line 579.
Package rerunfilecheck Info: File `TISEpaper.out' has not changed.
(rerunfilecheck)             Checksum: 8DEF1C5D3A77BAE70A558F81D63C861C;1223.


LaTeX Warning: There were multiply-defined labels.

 ) 
Here is how much of TeX's memory you used:
 8053 strings out of 494045
 115394 string characters out of 3148383
 213600 words of memory out of 3000000
 11071 multiletter control sequences out of 15000+200000
 38197 words of font info for 84 fonts, out of 3000000 for 9000
 715 hyphenation exceptions out of 8191
 41i,18n,48p,2203b,448s stack positions out of 5000i,500n,10000p,200000b,50000s
<C:/Program Files/MiKTeX 2.9/fonts/type1/public/amsfonts/cm/cmbx10.pfb><C:/Pr
ogram Files/MiKTeX 2.9/fonts/type1/public/amsfonts/cm/cmbx12.pfb><C:/Program Fi
les/MiKTeX 2.9/fonts/type1/public/amsfonts/cm/cmr10.pfb><C:/Program Files/MiKTe
X 2.9/fonts/type1/public/amsfonts/cm/cmr8.pfb><C:/Program Files/MiKTeX 2.9/font
s/type1/public/amsfonts/cm/cmr9.pfb><C:/Program Files/MiKTeX 2.9/fonts/type1/pu
blic/amsfonts/cm/cmsy10.pfb><C:/Program Files/MiKTeX 2.9/fonts/type1/public/ams
fonts/cm/cmti10.pfb><C:/Program Files/MiKTeX 2.9/fonts/type1/public/amsfonts/cm
/cmtt10.pfb>
Output written on TISEpaper.pdf (23 pages, 1295772 bytes).
PDF statistics:
 1122 PDF objects out of 1200 (max. 8388607)
 91 named destinations out of 1000 (max. 500000)
 200 words of extra memory for PDF output out of 10000 (max. 10000000)

